nohup: ignoring input
[GIN-debug] [WARNING] Creating an Engine instance with the Logger and Recovery middleware already attached.

[GIN-debug] [WARNING] Running in "debug" mode. Switch to "release" mode in production.
 - using env:	export GIN_MODE=release
 - using code:	gin.SetMode(gin.ReleaseMode)

[GIN-debug] Loaded HTML Templates (4): 
	- 
	- signin.html
	- signup.html
	- welcome.html

[GIN-debug] GET    /web/*filepath            --> github.com/gin-gonic/gin.(*RouterGroup).createStaticHandler.func1 (3 handlers)
[GIN-debug] HEAD   /web/*filepath            --> github.com/gin-gonic/gin.(*RouterGroup).createStaticHandler.func1 (3 handlers)
[GIN-debug] GET    /signin                   --> main.main.func1 (3 handlers)
[GIN-debug] GET    /signup                   --> main.main.func2 (3 handlers)
[GIN-debug] GET    /welcome                  --> main.main.func3 (3 handlers)
[GIN-debug] POST   /sign-up                  --> webser/signInUp.SignUp (3 handlers)
[GIN-debug] POST   /sign-in                  --> webser/signInUp.SignIn (3 handlers)
[GIN-debug] [WARNING] You trusted all proxies, this is NOT safe. We recommend you to set a value.
Please check https://pkg.go.dev/github.com/gin-gonic/gin#readme-don-t-trust-all-proxies for details.
[GIN-debug] Listening and serving HTTP on :8888
